app/build/outputs/logs/manifest-merger-debug-report.txt
-- Merging decision tree log ---
manifest
ADDED from src\main\AndroidManifest.xml:17:1-54:12
INJECTED from src\main\AndroidManifest.xml:17:1-54:12
INJECTED from src\main\AndroidManifest.xml:17:1-54:12
INJECTED from src\main\AndroidManifest.xml:17:1-54:12
INJECTED from src\main\AndroidManifest.xml:17:1-54:12
	package
		ADDED from src\main\AndroidManifest.xml:18:5-56
	android:versionName
		ADDED from src\main\AndroidManifest.xml:20:5-30
		INJECTED from src\main\AndroidManifest.xml
		INJECTED from src\main\AndroidManifest.xml
	xmlns:android
		ADDED from src\main\AndroidManifest.xml:17:11-69
	android:versionCode
		ADDED from src\main\AndroidManifest.xml:19:5-28
		INJECTED from src\main\AndroidManifest.xml
		INJECTED from src\main\AndroidManifest.xml
uses-sdk
ADDED from src\main\AndroidManifest.xml:22:5-24:41
INJECTED from src\main\AndroidManifest.xml:22:5-24:41
INJECTED from src\main\AndroidManifest.xml:22:5-24:41
INJECTED from src\main\AndroidManifest.xml:22:5-24:41
INJECTED from src\main\AndroidManifest.xml:22:5-24:41
	android:targetSdkVersion
		ADDED from src\main\AndroidManifest.xml:24:9-38
		INJECTED from src\main\AndroidManifest.xml
		INJECTED from src\main\AndroidManifest.xml
	android:minSdkVersion
		ADDED from src\main\AndroidManifest.xml:23:9-35
		INJECTED from src\main\AndroidManifest.xml
		INJECTED from src\main\AndroidManifest.xml
application
ADDED from src\main\AndroidManifest.xml:26:5-52:19
	android:label
		ADDED from src\main\AndroidManifest.xml:29:9-41
	android:icon
		ADDED from src\main\AndroidManifest.xml:28:9-40
	android:allowBackup
		ADDED from src\main\AndroidManifest.xml:27:9-35
activity#com.google.android.glass.sample.stopwatch.MenuActivity
ADDED from src\main\AndroidManifest.xml:31:9-36:20
	android:enabled
		ADDED from src\main\AndroidManifest.xml:35:13-35
	android:label
		ADDED from src\main\AndroidManifest.xml:33:13-45
	android:theme
		ADDED from src\main\AndroidManifest.xml:34:13-45
	android:name
		ADDED from src\main\AndroidManifest.xml:32:13-82
service#com.google.android.glass.sample.stopwatch.StopwatchService
ADDED from src\main\AndroidManifest.xml:38:9-50:19
	android:enabled
		ADDED from src\main\AndroidManifest.xml:42:13-35
	android:label
		ADDED from src\main\AndroidManifest.xml:41:13-45
	android:exported
		ADDED from src\main\AndroidManifest.xml:43:13-36
	android:icon
		ADDED from src\main\AndroidManifest.xml:40:13-44
	android:name
		ADDED from src\main\AndroidManifest.xml:39:13-86
intent-filter#action:name:com.google.android.glass.action.VOICE_TRIGGER
ADDED from src\main\AndroidManifest.xml:44:13-46:29
action#com.google.android.glass.action.VOICE_TRIGGER
ADDED from src\main\AndroidManifest.xml:45:17-88
	android:name
		ADDED from src\main\AndroidManifest.xml:45:25-85
meta-data#com.google.android.glass.VoiceTrigger
ADDED from src\main\AndroidManifest.xml:47:13-49:63
	android:resource
		ADDED from src\main\AndroidManifest.xml:49:17-60
	android:name
		ADDED from src\main\AndroidManifest.xml:48:17-69